/workspace/arijit_ug/sushil/zsd
Tue Jun 21 18:28:59 2022       
+-----------------------------------------------------------------------------+
| NVIDIA-SMI 450.119.04   Driver Version: 450.119.04   CUDA Version: 11.0     |
|-------------------------------+----------------------+----------------------+
| GPU  Name        Persistence-M| Bus-Id        Disp.A | Volatile Uncorr. ECC |
| Fan  Temp  Perf  Pwr:Usage/Cap|         Memory-Usage | GPU-Util  Compute M. |
|                               |                      |               MIG M. |
|===============================+======================+======================|
|   0  Tesla V100-DGXS...  On   | 00000000:07:00.0 Off |                    0 |
| N/A   47C    P0    40W / 300W |     22MiB / 32508MiB |      0%      Default |
|                               |                      |                  N/A |
+-------------------------------+----------------------+----------------------+
                                                                               
+-----------------------------------------------------------------------------+
| Processes:                                                                  |
|  GPU   GI   CI        PID   Type   Process name                  GPU Memory |
|        ID   ID                                                   Usage      |
|=============================================================================|
+-----------------------------------------------------------------------------+
GPU 0: Tesla V100-DGXS-32GB (UUID: GPU-8b3b48f6-812a-663d-464a-0cc5ae461981)
/workspace/arijit_ug/miniconda3/envs/nas/lib/python3.7/site-packages/dask/config.py:168: YAMLLoadWarning: calling yaml.load() without Loader=... is deprecated, as the default Loader is unsafe. Please read https://msg.pyyaml.org/load for full details.
  data = yaml.load(f.read()) or {}
2022-06-21 18:29:04,349 - INFO - ######################  config: configs/faster_rcnn_r101_fpn_1x.py
2022-06-21 18:29:04,349 - INFO - ######################  checkpoint: ./work_dirs/coco2014/epoch_12.pth
2022-06-21 18:29:04,350 - INFO - ######################  syn_weights: /workspace/arijit_ug/sushil/zsd/checkpoints/ab_st_final/coco_65_15_wgan_modeSeek_seen_cycSeenUnseen_tripletSeenUnseen_varMargin_try3/classifier_best_latest.pth
2022-06-21 18:29:04,350 - INFO - ######################  out: /workspace/arijit_ug/sushil/zsd/checkpoints/ab_st_final/coco_65_15_wgan_modeSeek_seen_cycSeenUnseen_tripletSeenUnseen_varMargin_try3/coco_65_15_wgan_modeSeek_seen_cycSeenUnseen_tripletSeenUnseen_varMargin_try3_zsd_result.pkl
2022-06-21 18:29:04,350 - INFO - ######################  zsd: True
2022-06-21 18:29:04,350 - INFO - ######################  gzsd: False
2022-06-21 18:29:04,350 - INFO - ######################  dataset: coco
2022-06-21 18:29:04,350 - INFO - ######################  json_out: None
2022-06-21 18:29:04,350 - INFO - ######################  eval: None
2022-06-21 18:29:04,350 - INFO - ######################  show: False
2022-06-21 18:29:04,350 - INFO - ######################  tmpdir: None
2022-06-21 18:29:04,350 - INFO - ######################  launcher: pytorch
2022-06-21 18:29:04,350 - INFO - ######################  local_rank: 0
loading annotations into memory...
Done (t=11.28s)
creating index...
index created!
total training samples 10098 ....
2022-06-21 18:29:28,665 - INFO - 65_15
2022-06-21 18:29:28,671 - INFO - coco (15,) seenbg: 0.35 synbg: 0.65 copied classifier weights from /workspace/arijit_ug/sushil/zsd/checkpoints/ab_st_final/coco_65_15_wgan_modeSeek_seen_cycSeenUnseen_tripletSeenUnseen_varMargin_try3/classifier_best_latest.pth 

for IOU=0.4 ::
num_classes ----------- 80
+-------+-----+------+--------+-----------+-------+
| class | gts | dets | recall | precision | ap    |
+-------+-----+------+--------+-----------+-------+
| mean  |     |      | 0.000  |           | 0.000 |
+-------+-----+------+--------+-----------+-------+
+---------------+------+-------+--------+-----------+-------+
| class         | gts  | dets  | recall | precision | ap    |
+---------------+------+-------+--------+-----------+-------+
| airplane      | 1444 | 36358 | 0.799  | 0.032     | 0.295 |
| train         | 1602 | 28613 | 0.885  | 0.050     | 0.578 |
| parking_meter | 510  | 31952 | 0.429  | 0.007     | 0.006 |
| cat           | 1669 | 12293 | 0.947  | 0.129     | 0.669 |
| bear          | 462  | 14638 | 0.952  | 0.030     | 0.556 |
| suitcase      | 2219 | 40441 | 0.665  | 0.036     | 0.156 |
| frisbee       | 935  | 24500 | 0.394  | 0.015     | 0.013 |
| snowboard     | 793  | 22356 | 0.856  | 0.030     | 0.349 |
| fork          | 1775 | 56623 | 0.686  | 0.021     | 0.194 |
| sandwich      | 1457 | 46739 | 0.905  | 0.028     | 0.247 |
| hot_dog       | 1009 | 20231 | 0.077  | 0.004     | 0.000 |
| toilet        | 1462 | 53847 | 0.873  | 0.024     | 0.211 |
| mouse         | 850  | 29250 | 0.572  | 0.017     | 0.028 |
| toaster       | 78   | 59378 | 0.705  | 0.001     | 0.008 |
| hair_drier    | 74   | 30957 | 0.486  | 0.001     | 0.002 |
+---------------+------+-------+--------+-----------+-------+
| mean          |      |       | 0.682  |           | 0.221 |
+---------------+------+-------+--------+-----------+-------+
+------+--+--+-------+--+-------+
| mean |  |  | 0.000 |  | 0.000 |
+------+--+--+-------+--+-------+
| mean |  |  | 0.682 |  | 0.221 |
+------+--+--+-------+--+-------+
iou 0.4 mAP is :0.2206888198852539
for IOU=0.5 ::
num_classes ----------- 80
+-------+-----+------+--------+-----------+-------+
| class | gts | dets | recall | precision | ap    |
+-------+-----+------+--------+-----------+-------+
| mean  |     |      | 0.000  |           | 0.000 |
+-------+-----+------+--------+-----------+-------+
+---------------+------+-------+--------+-----------+-------+
| class         | gts  | dets  | recall | precision | ap    |
+---------------+------+-------+--------+-----------+-------+
| airplane      | 1444 | 36358 | 0.749  | 0.030     | 0.229 |
| train         | 1602 | 28613 | 0.855  | 0.048     | 0.533 |
| parking_meter | 510  | 31952 | 0.414  | 0.007     | 0.006 |
| cat           | 1669 | 12293 | 0.937  | 0.127     | 0.649 |
| bear          | 462  | 14638 | 0.939  | 0.030     | 0.543 |
| suitcase      | 2219 | 40441 | 0.616  | 0.034     | 0.132 |
| frisbee       | 935  | 24500 | 0.381  | 0.015     | 0.012 |
| snowboard     | 793  | 22356 | 0.798  | 0.028     | 0.312 |
| fork          | 1775 | 56623 | 0.621  | 0.019     | 0.157 |
| sandwich      | 1457 | 46739 | 0.878  | 0.027     | 0.226 |
| hot_dog       | 1009 | 20231 | 0.039  | 0.002     | 0.000 |
| toilet        | 1462 | 53847 | 0.829  | 0.023     | 0.175 |
| mouse         | 850  | 29250 | 0.555  | 0.016     | 0.027 |
| toaster       | 78   | 59378 | 0.692  | 0.001     | 0.007 |
| hair_drier    | 74   | 30957 | 0.459  | 0.001     | 0.002 |
+---------------+------+-------+--------+-----------+-------+
| mean          |      |       | 0.651  |           | 0.201 |
+---------------+------+-------+--------+-----------+-------+
+------+--+--+-------+--+-------+
| mean |  |  | 0.000 |  | 0.000 |
+------+--+--+-------+--+-------+
| mean |  |  | 0.651 |  | 0.201 |
+------+--+--+-------+--+-------+
iou 0.5 mAP is :0.2005985826253891
for IOU=0.6 ::
num_classes ----------- 80
+-------+-----+------+--------+-----------+-------+
| class | gts | dets | recall | precision | ap    |
+-------+-----+------+--------+-----------+-------+
| mean  |     |      | 0.000  |           | 0.000 |
+-------+-----+------+--------+-----------+-------+
+---------------+------+-------+--------+-----------+-------+
| class         | gts  | dets  | recall | precision | ap    |
+---------------+------+-------+--------+-----------+-------+
| airplane      | 1444 | 36358 | 0.639  | 0.025     | 0.162 |
| train         | 1602 | 28613 | 0.783  | 0.044     | 0.471 |
| parking_meter | 510  | 31952 | 0.388  | 0.006     | 0.005 |
| cat           | 1669 | 12293 | 0.908  | 0.123     | 0.607 |
| bear          | 462  | 14638 | 0.896  | 0.028     | 0.503 |
| suitcase      | 2219 | 40441 | 0.537  | 0.029     | 0.098 |
| frisbee       | 935  | 24500 | 0.334  | 0.013     | 0.010 |
| snowboard     | 793  | 22356 | 0.682  | 0.024     | 0.259 |
| fork          | 1775 | 56623 | 0.525  | 0.016     | 0.110 |
| sandwich      | 1457 | 46739 | 0.807  | 0.025     | 0.193 |
| hot_dog       | 1009 | 20231 | 0.017  | 0.001     | 0.000 |
| toilet        | 1462 | 53847 | 0.763  | 0.021     | 0.140 |
| mouse         | 850  | 29250 | 0.521  | 0.015     | 0.025 |
| toaster       | 78   | 59378 | 0.615  | 0.001     | 0.007 |
| hair_drier    | 74   | 30957 | 0.365  | 0.001     | 0.001 |
+---------------+------+-------+--------+-----------+-------+
| mean          |      |       | 0.585  |           | 0.173 |
+---------------+------+-------+--------+-----------+-------+
+------+--+--+-------+--+-------+
| mean |  |  | 0.000 |  | 0.000 |
+------+--+--+-------+--+-------+
| mean |  |  | 0.585 |  | 0.173 |
+------+--+--+-------+--+-------+
iou 0.6 mAP is :0.17277605831623077
